Performing C++ SOURCE FILE Test COMPILER_SUPPORT_Wshorten64to32 failed with the following output:
Change Dir: /home/lili/Documents/ExternalInclude/Eigen/build_dir/CMakeFiles/CMakeTmp

Run Build Command(s):/usr/bin/gmake -f Makefile cmTC_44b3e/fast && /usr/bin/gmake  -f CMakeFiles/cmTC_44b3e.dir/build.make CMakeFiles/cmTC_44b3e.dir/build
gmake[1]: Entering directory '/home/lili/Documents/ExternalInclude/Eigen/build_dir/CMakeFiles/CMakeTmp'
Building CXX object CMakeFiles/cmTC_44b3e.dir/src.cxx.o
/usr/bin/c++ -DCOMPILER_SUPPORT_Wshorten64to32  -pedantic -Wall -Wextra -Wundef -Wcast-align -Wchar-subscripts -Wnon-virtual-dtor -Wunused-local-typedefs -Wpointer-arith -Wwrite-strings -Wformat-security -Werror   -Wshorten-64-to-32 -std=c++14 -o CMakeFiles/cmTC_44b3e.dir/src.cxx.o -c /home/lili/Documents/ExternalInclude/Eigen/build_dir/CMakeFiles/CMakeTmp/src.cxx
c++: error: unrecognized command-line option '-Wshorten-64-to-32'
gmake[1]: *** [CMakeFiles/cmTC_44b3e.dir/build.make:78: CMakeFiles/cmTC_44b3e.dir/src.cxx.o] Error 1
gmake[1]: Leaving directory '/home/lili/Documents/ExternalInclude/Eigen/build_dir/CMakeFiles/CMakeTmp'
gmake: *** [Makefile:127: cmTC_44b3e/fast] Error 2


Source file was:
int main() { return 0; }
Performing C++ SOURCE FILE Test COMPILER_SUPPORT_Wcpp11extensions failed with the following output:
Change Dir: /home/lili/Documents/ExternalInclude/Eigen/build_dir/CMakeFiles/CMakeTmp

Run Build Command(s):/usr/bin/gmake -f Makefile cmTC_f22d4/fast && /usr/bin/gmake  -f CMakeFiles/cmTC_f22d4.dir/build.make CMakeFiles/cmTC_f22d4.dir/build
gmake[1]: Entering directory '/home/lili/Documents/ExternalInclude/Eigen/build_dir/CMakeFiles/CMakeTmp'
Building CXX object CMakeFiles/cmTC_f22d4.dir/src.cxx.o
/usr/bin/c++ -DCOMPILER_SUPPORT_Wcpp11extensions  -pedantic -Wall -Wextra -Wundef -Wcast-align -Wchar-subscripts -Wnon-virtual-dtor -Wunused-local-typedefs -Wpointer-arith -Wwrite-strings -Wformat-security -Wlogical-op -Wenum-conversion -Werror   -Wc++11-extensions -std=c++14 -o CMakeFiles/cmTC_f22d4.dir/src.cxx.o -c /home/lili/Documents/ExternalInclude/Eigen/build_dir/CMakeFiles/CMakeTmp/src.cxx
c++: error: unrecognized command-line option '-Wc++11-extensions'; did you mean '-fms-extensions'?
gmake[1]: *** [CMakeFiles/cmTC_f22d4.dir/build.make:78: CMakeFiles/cmTC_f22d4.dir/src.cxx.o] Error 1
gmake[1]: Leaving directory '/home/lili/Documents/ExternalInclude/Eigen/build_dir/CMakeFiles/CMakeTmp'
gmake: *** [Makefile:127: cmTC_f22d4/fast] Error 2


Source file was:
int main() { return 0; }
Performing C++ SOURCE FILE Test COMPILER_SUPPORT_wd981 failed with the following output:
Change Dir: /home/lili/Documents/ExternalInclude/Eigen/build_dir/CMakeFiles/CMakeTmp

Run Build Command(s):/usr/bin/gmake -f Makefile cmTC_51637/fast && /usr/bin/gmake  -f CMakeFiles/cmTC_51637.dir/build.make CMakeFiles/cmTC_51637.dir/build
gmake[1]: Entering directory '/home/lili/Documents/ExternalInclude/Eigen/build_dir/CMakeFiles/CMakeTmp'
Building CXX object CMakeFiles/cmTC_51637.dir/src.cxx.o
/usr/bin/c++ -DCOMPILER_SUPPORT_wd981  -pedantic -Wall -Wextra -Wundef -Wcast-align -Wchar-subscripts -Wnon-virtual-dtor -Wunused-local-typedefs -Wpointer-arith -Wwrite-strings -Wformat-security -Wlogical-op -Wenum-conversion -Wdouble-promotion -Wshadow -Wno-psabi -Wno-variadic-macros -Wno-long-long -fno-check-new -fno-common -fstrict-aliasing -Werror   -wd981 -std=c++14 -o CMakeFiles/cmTC_51637.dir/src.cxx.o -c /home/lili/Documents/ExternalInclude/Eigen/build_dir/CMakeFiles/CMakeTmp/src.cxx
c++: error: unrecognized command-line option '-wd981'
gmake[1]: *** [CMakeFiles/cmTC_51637.dir/build.make:78: CMakeFiles/cmTC_51637.dir/src.cxx.o] Error 1
gmake[1]: Leaving directory '/home/lili/Documents/ExternalInclude/Eigen/build_dir/CMakeFiles/CMakeTmp'
gmake: *** [Makefile:127: cmTC_51637/fast] Error 2


Source file was:
int main() { return 0; }
Performing C++ SOURCE FILE Test COMPILER_SUPPORT_wd2304 failed with the following output:
Change Dir: /home/lili/Documents/ExternalInclude/Eigen/build_dir/CMakeFiles/CMakeTmp

Run Build Command(s):/usr/bin/gmake -f Makefile cmTC_48328/fast && /usr/bin/gmake  -f CMakeFiles/cmTC_48328.dir/build.make CMakeFiles/cmTC_48328.dir/build
gmake[1]: Entering directory '/home/lili/Documents/ExternalInclude/Eigen/build_dir/CMakeFiles/CMakeTmp'
Building CXX object CMakeFiles/cmTC_48328.dir/src.cxx.o
/usr/bin/c++ -DCOMPILER_SUPPORT_wd2304  -pedantic -Wall -Wextra -Wundef -Wcast-align -Wchar-subscripts -Wnon-virtual-dtor -Wunused-local-typedefs -Wpointer-arith -Wwrite-strings -Wformat-security -Wlogical-op -Wenum-conversion -Wdouble-promotion -Wshadow -Wno-psabi -Wno-variadic-macros -Wno-long-long -fno-check-new -fno-common -fstrict-aliasing -Werror   -wd2304 -std=c++14 -o CMakeFiles/cmTC_48328.dir/src.cxx.o -c /home/lili/Documents/ExternalInclude/Eigen/build_dir/CMakeFiles/CMakeTmp/src.cxx
c++: error: unrecognized command-line option '-wd2304'
gmake[1]: *** [CMakeFiles/cmTC_48328.dir/build.make:78: CMakeFiles/cmTC_48328.dir/src.cxx.o] Error 1
gmake[1]: Leaving directory '/home/lili/Documents/ExternalInclude/Eigen/build_dir/CMakeFiles/CMakeTmp'
gmake: *** [Makefile:127: cmTC_48328/fast] Error 2


Source file was:
int main() { return 0; }
Looking for a Fortran compiler failed with the following output:
-- The Fortran compiler identification is unknown
CMake Error at CMakeLists.txt:2 (project):
  No CMAKE_Fortran_COMPILER could be found.

  Tell CMake where to find the compiler by setting either the environment
  variable "FC" or the CMake cache entry CMAKE_Fortran_COMPILER to the full
  path to the compiler, or to the compiler name if it is in the PATH.


-- Configuring incomplete, errors occurred!
See also "/home/lili/Documents/ExternalInclude/Eigen/build_dir/test/CMakeFiles/CheckFortran/CMakeFiles/CMakeOutput.log".
See also "/home/lili/Documents/ExternalInclude/Eigen/build_dir/test/CMakeFiles/CheckFortran/CMakeFiles/CMakeError.log".

Determining if the function sgemm_ exists failed with the following output:
Change Dir: /home/lili/Documents/ExternalInclude/Eigen/build_dir/CMakeFiles/CMakeTmp

Run Build Command(s):/usr/bin/gmake -f Makefile cmTC_be9ce/fast && /usr/bin/gmake  -f CMakeFiles/cmTC_be9ce.dir/build.make CMakeFiles/cmTC_be9ce.dir/build
gmake[1]: Entering directory '/home/lili/Documents/ExternalInclude/Eigen/build_dir/CMakeFiles/CMakeTmp'
Building C object CMakeFiles/cmTC_be9ce.dir/CheckFunctionExists.c.o
/usr/bin/cc   -DCHECK_FUNCTION_EXISTS=sgemm_ -o CMakeFiles/cmTC_be9ce.dir/CheckFunctionExists.c.o -c /usr/share/cmake-3.22/Modules/CheckFunctionExists.c
Linking C executable cmTC_be9ce
/usr/bin/cmake -E cmake_link_script CMakeFiles/cmTC_be9ce.dir/link.txt --verbose=1
/usr/bin/cc  -DCHECK_FUNCTION_EXISTS=sgemm_ CMakeFiles/cmTC_be9ce.dir/CheckFunctionExists.c.o -o cmTC_be9ce 
/usr/bin/ld: CMakeFiles/cmTC_be9ce.dir/CheckFunctionExists.c.o: in function `main':
CheckFunctionExists.c:(.text+0x14): undefined reference to `sgemm_'
collect2: error: ld returned 1 exit status
gmake[1]: *** [CMakeFiles/cmTC_be9ce.dir/build.make:99: cmTC_be9ce] Error 1
gmake[1]: Leaving directory '/home/lili/Documents/ExternalInclude/Eigen/build_dir/CMakeFiles/CMakeTmp'
gmake: *** [Makefile:127: cmTC_be9ce/fast] Error 2



Compiling the Fortran compiler identification source file "CMakeFortranCompilerId.F" failed.
Compiler: CMAKE_Fortran_COMPILER-NOTFOUND 
Build flags: 
Id flags: -v 

The output was:
No such file or directory


Compiling the Fortran compiler identification source file "CMakeFortranCompilerId.F" failed.
Compiler: CMAKE_Fortran_COMPILER-NOTFOUND 
Build flags: 
Id flags:  

The output was:
No such file or directory


Compiling the Fortran compiler identification source file "CMakeFortranCompilerId.F" failed.
Compiler: CMAKE_Fortran_COMPILER-NOTFOUND 
Build flags: 
Id flags: -c 

The output was:
No such file or directory


Compiling the Fortran compiler identification source file "CMakeFortranCompilerId.F" failed.
Compiler: CMAKE_Fortran_COMPILER-NOTFOUND 
Build flags: 
Id flags: -fpp 

The output was:
No such file or directory


Compiling the Fortran compiler identification source file "CMakeFortranCompilerId.F" failed.
Compiler: CMAKE_Fortran_COMPILER-NOTFOUND 
Build flags: 
Id flags: -v 

The output was:
No such file or directory


Compiling the Fortran compiler identification source file "CMakeFortranCompilerId.F" failed.
Compiler: CMAKE_Fortran_COMPILER-NOTFOUND 
Build flags: 
Id flags:  

The output was:
No such file or directory


Compiling the Fortran compiler identification source file "CMakeFortranCompilerId.F" failed.
Compiler: CMAKE_Fortran_COMPILER-NOTFOUND 
Build flags: 
Id flags: -c 

The output was:
No such file or directory


Compiling the Fortran compiler identification source file "CMakeFortranCompilerId.F" failed.
Compiler: CMAKE_Fortran_COMPILER-NOTFOUND 
Build flags: 
Id flags: -fpp 

The output was:
No such file or directory


